Using pre-set license
Built from '2020.3/release' branch; Version is '2020.3.1f1 (77a89f25062f) revision 7841951'; Using compiler version '192528614'; Build Type 'Release'
OS: 'Windows 10 Home; OS build 19041.867; Version 2004; 64bit' Language: 'en' Physical Memory: 8077 MB
BatchMode: 1, IsHumanControllingUs: 0, StartBugReporterOnCrash: 0, Is64bit: 1, IsPro: 0

 COMMAND LINE ARGUMENTS:
D:\Unity\Unity\2020.3.1f1\Editor\Unity.exe
-adb2
-batchMode
-noUpm
-name
AssetImportWorker0
-projectPath
C:/Users/Cole/Documents/GitHub/Sensory-TrainerVR
-logFile
Logs/AssetImportWorker0.log
-srvPort
59627
Successfully changed project path to: C:/Users/Cole/Documents/GitHub/Sensory-TrainerVR
C:/Users/Cole/Documents/GitHub/Sensory-TrainerVR
Using Asset Import Pipeline V2.
Refreshing native plugins compatible for Editor in 81.75 ms, found 9 plugins.
Preloading 2 native plugins for Editor in 2.00 ms.
Initialize engine version: 2020.3.1f1 (77a89f25062f)
[Subsystems] Discovering subsystems at path D:/Unity/Unity/2020.3.1f1/Editor/Data/Resources/UnitySubsystems
[Subsystems] Discovering subsystems at path C:/Users/Cole/Documents/GitHub/Sensory-TrainerVR/Assets
GfxDevice: creating device client; threaded=0
Direct3D:
    Version:  Direct3D 11.0 [level 11.1]
    Renderer: NVIDIA GeForce GTX 1050 Ti (ID=0x1c8c)
    Vendor:   
    VRAM:     4018 MB
    Driver:   27.21.14.5763
Initialize mono
Mono path[0] = 'D:/Unity/Unity/2020.3.1f1/Editor/Data/Managed'
Mono path[1] = 'D:/Unity/Unity/2020.3.1f1/Editor/Data/MonoBleedingEdge/lib/mono/unityjit'
Mono config path = 'D:/Unity/Unity/2020.3.1f1/Editor/Data/MonoBleedingEdge/etc'
Using monoOptions --debugger-agent=transport=dt_socket,embedding=1,server=y,suspend=n,address=127.0.0.1:56292
Begin MonoManager ReloadAssembly
Registering precompiled unity dll's ...
Register platform support module: D:/Unity/Unity/2020.3.1f1/Editor/Data/PlaybackEngines/WindowsStandaloneSupport/UnityEditor.WindowsStandalone.Extensions.dll
Registered in 0.001389 seconds.
Native extension for WindowsStandalone target not found
Refreshing native plugins compatible for Editor in 41.16 ms, found 9 plugins.
Preloading 2 native plugins for Editor in 0.21 ms.
Unable to find bridge dll in registry for Microsoft Visual Studio Tools for Unity for C:\Program Files (x86)\Microsoft Visual Studio\2017\Community\Common7\IDE\devenv.exe
Invoked RoslynAnalysisRunner static constructor.
RoslynAnalysisRunner will not be running.
RoslynAnalysisRunner has terminated.
Mono: successfully reloaded assembly
- Completed reload, in  1.379 seconds
Platform modules already initialized, skipping
Registering precompiled user dll's ...
Registered in 0.007265 seconds.
Begin MonoManager ReloadAssembly
Native extension for WindowsStandalone target not found
Refreshing native plugins compatible for Editor in 0.61 ms, found 9 plugins.
Preloading 2 native plugins for Editor in 0.17 ms.
Invoked RoslynAnalysisRunner static constructor.
RoslynAnalysisRunner will not be running.
RoslynAnalysisRunner has terminated.
[XR] OculusXRPlugin: registering subsystems
[XR] Unable to register display lifecyle provider: [1]
[XR] Oculus Input lifecycle provider registered.
[XR] Unable to register input lifecyle provider: [1]
NullReferenceException: Object reference not set to an instance of an object
  at Unity.XR.Oculus.OculusLoader.AssetPathToAbsolutePath (System.String assetPath) [0x00048] in C:\Users\Cole\Documents\GitHub\Sensory-TrainerVR\Library\PackageCache\com.unity.xr.oculus@1.8.1\Runtime\OculusLoader.cs:243 
  at Unity.XR.Oculus.OculusLoader.EditorLoadOVRPlugin () [0x0007b] in C:\Users\Cole\Documents\GitHub\Sensory-TrainerVR\Library\PackageCache\com.unity.xr.oculus@1.8.1\Runtime\OculusLoader.cs:228 

(Filename: Library/PackageCache/com.unity.xr.oculus@1.8.1/Runtime/OculusLoader.cs Line: 243)

Mono: successfully reloaded assembly
- Completed reload, in  1.080 seconds
Platform modules already initialized, skipping
========================================================================
Worker process is ready to serve import requests
Launched and connected shader compiler UnityShaderCompiler.exe after 0.10 seconds
Refreshing native plugins compatible for Editor in 0.57 ms, found 9 plugins.
Preloading 2 native plugins for Editor in 0.16 ms.
Unloading 1590 Unused Serialized files (Serialized files now loaded: 0)
System memory in use before: 71.7 MB.
System memory in use after: 71.8 MB.

Unloading 11 unused Assets to reduce memory usage. Loaded Objects now: 2033.
Total: 2.643200 ms (FindLiveObjects: 0.232500 ms CreateObjectMapping: 0.063900 ms MarkObjects: 2.278000 ms  DeleteObjects: 0.067300 ms)

========================================================================
Received Import Request.
  path: Assets/243373__johnsonbrandediting__small-crowd-pre-concert-talking-party-bar-walla-talking.mp3
  artifactKey: Guid(11a6cf31915803c488d3fb25f91e050a) Importer(815301076,1909f56bfc062723c751e8b465ee728b)
Start importing Assets/243373__johnsonbrandediting__small-crowd-pre-concert-talking-party-bar-walla-talking.mp3 using Guid(11a6cf31915803c488d3fb25f91e050a) Importer(815301076,1909f56bfc062723c751e8b465ee728b)  -> (artifact id: '2ecd57ea98940ec532e9c95b96cab5af') in 0.129072 seconds
  Import took 0.134612 seconds .

========================================================================
Received Import Request.
  Time since last request: 32.311705 seconds.
  path: Assets/Scenes/MainScene.unity
  artifactKey: Guid(a5b7b2e15bc9e1048b0da3acc9dcbbdc) Importer(815301076,1909f56bfc062723c751e8b465ee728b)
Start importing Assets/Scenes/MainScene.unity using Guid(a5b7b2e15bc9e1048b0da3acc9dcbbdc) Importer(815301076,1909f56bfc062723c751e8b465ee728b)  -> (artifact id: 'df70cd5dd42a36bf8bb1cba3a3ced3b7') in 0.008719 seconds
  Import took 0.011532 seconds .

========================================================================
Received Import Request.
  Time since last request: 0.060308 seconds.
  path: Assets/Scenes/MainScene.unity
  artifactKey: Guid(a5b7b2e15bc9e1048b0da3acc9dcbbdc) Importer(815301076,1909f56bfc062723c751e8b465ee728b)
Start importing Assets/Scenes/MainScene.unity using Guid(a5b7b2e15bc9e1048b0da3acc9dcbbdc) Importer(815301076,1909f56bfc062723c751e8b465ee728b)  -> (artifact id: 'df70cd5dd42a36bf8bb1cba3a3ced3b7') in 0.003978 seconds
  Import took 0.007033 seconds .

========================================================================
Received Import Request.
  Time since last request: 8.535430 seconds.
  path: Assets/Scenes
  artifactKey: Guid(0cc1b79de78bc4991892d4d342d7211a) Importer(815301076,1909f56bfc062723c751e8b465ee728b)
Start importing Assets/Scenes using Guid(0cc1b79de78bc4991892d4d342d7211a) Importer(815301076,1909f56bfc062723c751e8b465ee728b)  -> (artifact id: '51245094230d2142214f0008d33ddac7') in 0.011615 seconds
  Import took 0.015043 seconds .

========================================================================
Received Import Request.
  Time since last request: 17.499689 seconds.
  path: Assets/Scenes/MainSceneMed.unity
  artifactKey: Guid(cce344c29c32ef249a73274bd1b96149) Importer(815301076,1909f56bfc062723c751e8b465ee728b)
Start importing Assets/Scenes/MainSceneMed.unity using Guid(cce344c29c32ef249a73274bd1b96149) Importer(815301076,1909f56bfc062723c751e8b465ee728b)  -> (artifact id: '2f8195b1b77fcc2c33c881c3a1a320e1') in 0.011542 seconds
  Import took 0.015021 seconds .

========================================================================
Received Prepare
Registering precompiled user dll's ...
Registered in 0.005937 seconds.
Begin MonoManager ReloadAssembly
Native extension for WindowsStandalone target not found
Refreshing native plugins compatible for Editor in 0.96 ms, found 9 plugins.
Preloading 2 native plugins for Editor in 0.20 ms.
Invoked RoslynAnalysisRunner static constructor.
RoslynAnalysisRunner will not be running.
RoslynAnalysisRunner has terminated.
NullReferenceException: Object reference not set to an instance of an object
  at Unity.XR.Oculus.OculusLoader.AssetPathToAbsolutePath (System.String assetPath) [0x00048] in C:\Users\Cole\Documents\GitHub\Sensory-TrainerVR\Library\PackageCache\com.unity.xr.oculus@1.8.1\Runtime\OculusLoader.cs:243 
  at Unity.XR.Oculus.OculusLoader.EditorLoadOVRPlugin () [0x0007b] in C:\Users\Cole\Documents\GitHub\Sensory-TrainerVR\Library\PackageCache\com.unity.xr.oculus@1.8.1\Runtime\OculusLoader.cs:228 

(Filename: Library/PackageCache/com.unity.xr.oculus@1.8.1/Runtime/OculusLoader.cs Line: 243)

Mono: successfully reloaded assembly
- Completed reload, in  0.972 seconds
Platform modules already initialized, skipping
Refreshing native plugins compatible for Editor in 0.60 ms, found 9 plugins.
Preloading 2 native plugins for Editor in 0.16 ms.
Unloading 1548 Unused Serialized files (Serialized files now loaded: 0)
System memory in use before: 73.7 MB.
System memory in use after: 73.8 MB.

Unloading 6 unused Assets to reduce memory usage. Loaded Objects now: 2046.
Total: 1.808000 ms (FindLiveObjects: 0.189200 ms CreateObjectMapping: 0.068500 ms MarkObjects: 1.531000 ms  DeleteObjects: 0.018000 ms)

========================================================================
Received Import Request.
  Time since last request: 840.072021 seconds.
  path: Assets
  artifactKey: Guid(00000000000000001000000000000000) Importer(815301076,1909f56bfc062723c751e8b465ee728b)
Start importing Assets using Guid(00000000000000001000000000000000) Importer(815301076,1909f56bfc062723c751e8b465ee728b)  -> (artifact id: 'a6374019befeac6ce670f13ba9960efb') in 0.106806 seconds
  Import took 0.110804 seconds .

========================================================================
Received Import Request.
  Time since last request: 17.258963 seconds.
  path: Assets/SettingsMgr.cs
  artifactKey: Guid(caffa8415d1a5a54db6fa0c9d24318a9) Importer(815301076,1909f56bfc062723c751e8b465ee728b)
Start importing Assets/SettingsMgr.cs using Guid(caffa8415d1a5a54db6fa0c9d24318a9) Importer(815301076,1909f56bfc062723c751e8b465ee728b)  -> (artifact id: 'fadab1481614068e4dfd149df691f6b6') in 0.086437 seconds
  Import took 0.089268 seconds .

========================================================================
Received Import Request.
  Time since last request: 0.473980 seconds.
  path: Assets/Person.cs
  artifactKey: Guid(f7a51b4db2f1cda47a0950ab93ce870c) Importer(815301076,1909f56bfc062723c751e8b465ee728b)
Start importing Assets/Person.cs using Guid(f7a51b4db2f1cda47a0950ab93ce870c) Importer(815301076,1909f56bfc062723c751e8b465ee728b)  -> (artifact id: '39c0e2c75586ce54ebc0bdaf2a6a8fe7') in 0.011579 seconds
  Import took 0.015439 seconds .

========================================================================
Received Import Request.
  Time since last request: 0.217016 seconds.
  path: Assets/PeopleMgr.cs
  artifactKey: Guid(0d62fb4244f265b43a12e4f40db0fd86) Importer(815301076,1909f56bfc062723c751e8b465ee728b)
Start importing Assets/PeopleMgr.cs using Guid(0d62fb4244f265b43a12e4f40db0fd86) Importer(815301076,1909f56bfc062723c751e8b465ee728b)  -> (artifact id: 'e951af78f890b7c662f4be41c0ec89e2') in 0.008567 seconds
  Import took 0.013851 seconds .

========================================================================
Received Import Request.
  Time since last request: 42.097352 seconds.
  path: Assets/Theater Audience - No Copyright Sound Effects - Audio Library.mp3
  artifactKey: Guid(f6f8fdfdd3ec6d14abe74ff3f5044e5b) Importer(815301076,1909f56bfc062723c751e8b465ee728b)
Start importing Assets/Theater Audience - No Copyright Sound Effects - Audio Library.mp3 using Guid(f6f8fdfdd3ec6d14abe74ff3f5044e5b) Importer(815301076,1909f56bfc062723c751e8b465ee728b)  -> (artifact id: '94035201ebce57a94733aa59dea2bea1') in 0.082247 seconds
  Import took 0.088687 seconds .

========================================================================
Received Prepare
Registering precompiled user dll's ...
Registered in 0.053914 seconds.
Begin MonoManager ReloadAssembly
Native extension for WindowsStandalone target not found
Refreshing native plugins compatible for Editor in 0.58 ms, found 9 plugins.
Preloading 2 native plugins for Editor in 0.20 ms.
Invoked RoslynAnalysisRunner static constructor.
RoslynAnalysisRunner will not be running.
RoslynAnalysisRunner has terminated.
NullReferenceException: Object reference not set to an instance of an object
  at Unity.XR.Oculus.OculusLoader.AssetPathToAbsolutePath (System.String assetPath) [0x00048] in C:\Users\Cole\Documents\GitHub\Sensory-TrainerVR\Library\PackageCache\com.unity.xr.oculus@1.8.1\Runtime\OculusLoader.cs:243 
  at Unity.XR.Oculus.OculusLoader.EditorLoadOVRPlugin () [0x0007b] in C:\Users\Cole\Documents\GitHub\Sensory-TrainerVR\Library\PackageCache\com.unity.xr.oculus@1.8.1\Runtime\OculusLoader.cs:228 

(Filename: Library/PackageCache/com.unity.xr.oculus@1.8.1/Runtime/OculusLoader.cs Line: 243)

Mono: successfully reloaded assembly
- Completed reload, in  0.986 seconds
Platform modules already initialized, skipping
Refreshing native plugins compatible for Editor in 0.57 ms, found 9 plugins.
Preloading 2 native plugins for Editor in 0.15 ms.
Unloading 1548 Unused Serialized files (Serialized files now loaded: 0)
System memory in use before: 73.8 MB.
System memory in use after: 73.9 MB.

Unloading 6 unused Assets to reduce memory usage. Loaded Objects now: 2051.
Total: 2.777500 ms (FindLiveObjects: 0.299500 ms CreateObjectMapping: 0.072400 ms MarkObjects: 2.384900 ms  DeleteObjects: 0.018800 ms)

========================================================================
Received Prepare
Registering precompiled user dll's ...
Registered in 0.006931 seconds.
Begin MonoManager ReloadAssembly
Native extension for WindowsStandalone target not found
Refreshing native plugins compatible for Editor in 0.55 ms, found 9 plugins.
Preloading 2 native plugins for Editor in 0.19 ms.
Invoked RoslynAnalysisRunner static constructor.
RoslynAnalysisRunner will not be running.
RoslynAnalysisRunner has terminated.
NullReferenceException: Object reference not set to an instance of an object
  at Unity.XR.Oculus.OculusLoader.AssetPathToAbsolutePath (System.String assetPath) [0x00048] in C:\Users\Cole\Documents\GitHub\Sensory-TrainerVR\Library\PackageCache\com.unity.xr.oculus@1.8.1\Runtime\OculusLoader.cs:243 
  at Unity.XR.Oculus.OculusLoader.EditorLoadOVRPlugin () [0x0007b] in C:\Users\Cole\Documents\GitHub\Sensory-TrainerVR\Library\PackageCache\com.unity.xr.oculus@1.8.1\Runtime\OculusLoader.cs:228 

(Filename: Library/PackageCache/com.unity.xr.oculus@1.8.1/Runtime/OculusLoader.cs Line: 243)

Mono: successfully reloaded assembly
- Completed reload, in  0.959 seconds
Platform modules already initialized, skipping
Refreshing native plugins compatible for Editor in 0.79 ms, found 9 plugins.
Preloading 2 native plugins for Editor in 0.23 ms.
Unloading 1548 Unused Serialized files (Serialized files now loaded: 0)
System memory in use before: 73.8 MB.
System memory in use after: 73.9 MB.

Unloading 6 unused Assets to reduce memory usage. Loaded Objects now: 2055.
Total: 2.045800 ms (FindLiveObjects: 0.186300 ms CreateObjectMapping: 0.060200 ms MarkObjects: 1.781500 ms  DeleteObjects: 0.016600 ms)

========================================================================
Received Import Request.
  Time since last request: 88.545825 seconds.
  path: Assets/Scenes/MainSceneMed.unity
  artifactKey: Guid(cce344c29c32ef249a73274bd1b96149) Importer(815301076,1909f56bfc062723c751e8b465ee728b)
Start importing Assets/Scenes/MainSceneMed.unity using Guid(cce344c29c32ef249a73274bd1b96149) Importer(815301076,1909f56bfc062723c751e8b465ee728b)  -> (artifact id: 'e2b35e1497666fc6e31947bfbdaa7c71') in 0.019248 seconds
  Import took 0.023176 seconds .

========================================================================
Received Import Request.
  Time since last request: 347.678794 seconds.
  path: Assets/Scenes/MainMenu.unity
  artifactKey: Guid(46ff64fbe19433f43a101359bda61cf0) Importer(815301076,1909f56bfc062723c751e8b465ee728b)
Start importing Assets/Scenes/MainMenu.unity using Guid(46ff64fbe19433f43a101359bda61cf0) Importer(815301076,1909f56bfc062723c751e8b465ee728b)  -> (artifact id: 'b68f889fe4e3d36c4654ce9962f6f4a8') in 0.013717 seconds
  Import took 0.018294 seconds .

========================================================================
Received Import Request.
  Time since last request: 0.002388 seconds.
  path: Assets/Scenes/MainMenu.unity
  artifactKey: Guid(46ff64fbe19433f43a101359bda61cf0) Importer(815301076,1909f56bfc062723c751e8b465ee728b)
Start importing Assets/Scenes/MainMenu.unity using Guid(46ff64fbe19433f43a101359bda61cf0) Importer(815301076,1909f56bfc062723c751e8b465ee728b)  -> (artifact id: 'b68f889fe4e3d36c4654ce9962f6f4a8') in 0.004739 seconds
  Import took 0.009147 seconds .

========================================================================
Received Import Request.
  Time since last request: 1.105475 seconds.
  path: Assets/Scenes/SampleScene.unity
  artifactKey: Guid(9fc0d4010bbf28b4594072e72b8655ab) Importer(815301076,1909f56bfc062723c751e8b465ee728b)
Start importing Assets/Scenes/SampleScene.unity using Guid(9fc0d4010bbf28b4594072e72b8655ab) Importer(815301076,1909f56bfc062723c751e8b465ee728b)  -> (artifact id: 'ac06868116a85f674cfcebcc38a05e7b') in 0.014349 seconds
  Import took 0.017773 seconds .

========================================================================
Received Import Request.
  Time since last request: 0.000847 seconds.
  path: Assets/Scenes/SampleScene.unity
  artifactKey: Guid(9fc0d4010bbf28b4594072e72b8655ab) Importer(815301076,1909f56bfc062723c751e8b465ee728b)
Start importing Assets/Scenes/SampleScene.unity using Guid(9fc0d4010bbf28b4594072e72b8655ab) Importer(815301076,1909f56bfc062723c751e8b465ee728b)  -> (artifact id: 'ac06868116a85f674cfcebcc38a05e7b') in 0.004867 seconds
  Import took 0.010431 seconds .

========================================================================
Received Prepare
Registering precompiled user dll's ...
Registered in 0.006532 seconds.
Begin MonoManager ReloadAssembly
Native extension for WindowsStandalone target not found
Refreshing native plugins compatible for Editor in 0.63 ms, found 9 plugins.
Preloading 2 native plugins for Editor in 0.18 ms.
Invoked RoslynAnalysisRunner static constructor.
RoslynAnalysisRunner will not be running.
RoslynAnalysisRunner has terminated.
NullReferenceException: Object reference not set to an instance of an object
  at Unity.XR.Oculus.OculusLoader.AssetPathToAbsolutePath (System.String assetPath) [0x00048] in C:\Users\Cole\Documents\GitHub\Sensory-TrainerVR\Library\PackageCache\com.unity.xr.oculus@1.8.1\Runtime\OculusLoader.cs:243 
  at Unity.XR.Oculus.OculusLoader.EditorLoadOVRPlugin () [0x0007b] in C:\Users\Cole\Documents\GitHub\Sensory-TrainerVR\Library\PackageCache\com.unity.xr.oculus@1.8.1\Runtime\OculusLoader.cs:228 

(Filename: Library/PackageCache/com.unity.xr.oculus@1.8.1/Runtime/OculusLoader.cs Line: 243)

Mono: successfully reloaded assembly
- Completed reload, in  0.962 seconds
Platform modules already initialized, skipping
Refreshing native plugins compatible for Editor in 0.71 ms, found 9 plugins.
Preloading 2 native plugins for Editor in 0.16 ms.
Unloading 1548 Unused Serialized files (Serialized files now loaded: 0)
System memory in use before: 73.8 MB.
System memory in use after: 73.9 MB.

Unloading 6 unused Assets to reduce memory usage. Loaded Objects now: 2059.
Total: 2.778000 ms (FindLiveObjects: 0.437200 ms CreateObjectMapping: 0.077500 ms MarkObjects: 2.214800 ms  DeleteObjects: 0.046400 ms)

========================================================================
Received Prepare
Registering precompiled user dll's ...
Registered in 0.007207 seconds.
Begin MonoManager ReloadAssembly
Native extension for WindowsStandalone target not found
Refreshing native plugins compatible for Editor in 0.59 ms, found 9 plugins.
Preloading 2 native plugins for Editor in 0.18 ms.
Invoked RoslynAnalysisRunner static constructor.
RoslynAnalysisRunner will not be running.
RoslynAnalysisRunner has terminated.
NullReferenceException: Object reference not set to an instance of an object
  at Unity.XR.Oculus.OculusLoader.AssetPathToAbsolutePath (System.String assetPath) [0x00048] in C:\Users\Cole\Documents\GitHub\Sensory-TrainerVR\Library\PackageCache\com.unity.xr.oculus@1.8.1\Runtime\OculusLoader.cs:243 
  at Unity.XR.Oculus.OculusLoader.EditorLoadOVRPlugin () [0x0007b] in C:\Users\Cole\Documents\GitHub\Sensory-TrainerVR\Library\PackageCache\com.unity.xr.oculus@1.8.1\Runtime\OculusLoader.cs:228 

(Filename: Library/PackageCache/com.unity.xr.oculus@1.8.1/Runtime/OculusLoader.cs Line: 243)

Mono: successfully reloaded assembly
- Completed reload, in  0.942 seconds
Platform modules already initialized, skipping
Refreshing native plugins compatible for Editor in 0.61 ms, found 9 plugins.
Preloading 2 native plugins for Editor in 0.16 ms.
Unloading 1548 Unused Serialized files (Serialized files now loaded: 0)
System memory in use before: 73.8 MB.
System memory in use after: 73.9 MB.

Unloading 6 unused Assets to reduce memory usage. Loaded Objects now: 2063.
Total: 2.058300 ms (FindLiveObjects: 0.277800 ms CreateObjectMapping: 0.076200 ms MarkObjects: 1.664400 ms  DeleteObjects: 0.038100 ms)

========================================================================
Received Prepare
Registering precompiled user dll's ...
Registered in 0.006511 seconds.
Begin MonoManager ReloadAssembly
Native extension for WindowsStandalone target not found
Refreshing native plugins compatible for Editor in 0.58 ms, found 9 plugins.
Preloading 2 native plugins for Editor in 0.21 ms.
Invoked RoslynAnalysisRunner static constructor.
RoslynAnalysisRunner will not be running.
RoslynAnalysisRunner has terminated.
NullReferenceException: Object reference not set to an instance of an object
  at Unity.XR.Oculus.OculusLoader.AssetPathToAbsolutePath (System.String assetPath) [0x00048] in C:\Users\Cole\Documents\GitHub\Sensory-TrainerVR\Library\PackageCache\com.unity.xr.oculus@1.8.1\Runtime\OculusLoader.cs:243 
  at Unity.XR.Oculus.OculusLoader.EditorLoadOVRPlugin () [0x0007b] in C:\Users\Cole\Documents\GitHub\Sensory-TrainerVR\Library\PackageCache\com.unity.xr.oculus@1.8.1\Runtime\OculusLoader.cs:228 

(Filename: Library/PackageCache/com.unity.xr.oculus@1.8.1/Runtime/OculusLoader.cs Line: 243)

Mono: successfully reloaded assembly
- Completed reload, in  0.935 seconds
Platform modules already initialized, skipping
Refreshing native plugins compatible for Editor in 0.71 ms, found 9 plugins.
Preloading 2 native plugins for Editor in 0.16 ms.
Unloading 1548 Unused Serialized files (Serialized files now loaded: 0)
System memory in use before: 73.8 MB.
System memory in use after: 74.0 MB.

Unloading 6 unused Assets to reduce memory usage. Loaded Objects now: 2067.
Total: 3.324000 ms (FindLiveObjects: 0.243500 ms CreateObjectMapping: 0.096100 ms MarkObjects: 2.929500 ms  DeleteObjects: 0.053200 ms)

========================================================================
Received Prepare
Registering precompiled user dll's ...
Registered in 0.008599 seconds.
Begin MonoManager ReloadAssembly
Native extension for WindowsStandalone target not found
Refreshing native plugins compatible for Editor in 0.70 ms, found 9 plugins.
Preloading 2 native plugins for Editor in 0.18 ms.
Invoked RoslynAnalysisRunner static constructor.
RoslynAnalysisRunner will not be running.
RoslynAnalysisRunner has terminated.
NullReferenceException: Object reference not set to an instance of an object
  at Unity.XR.Oculus.OculusLoader.AssetPathToAbsolutePath (System.String assetPath) [0x00048] in C:\Users\Cole\Documents\GitHub\Sensory-TrainerVR\Library\PackageCache\com.unity.xr.oculus@1.8.1\Runtime\OculusLoader.cs:243 
  at Unity.XR.Oculus.OculusLoader.EditorLoadOVRPlugin () [0x0007b] in C:\Users\Cole\Documents\GitHub\Sensory-TrainerVR\Library\PackageCache\com.unity.xr.oculus@1.8.1\Runtime\OculusLoader.cs:228 

(Filename: Library/PackageCache/com.unity.xr.oculus@1.8.1/Runtime/OculusLoader.cs Line: 243)

Mono: successfully reloaded assembly
- Completed reload, in  0.935 seconds
Platform modules already initialized, skipping
Refreshing native plugins compatible for Editor in 0.63 ms, found 9 plugins.
Preloading 2 native plugins for Editor in 0.30 ms.
Unloading 1548 Unused Serialized files (Serialized files now loaded: 0)
System memory in use before: 73.9 MB.
System memory in use after: 74.0 MB.

Unloading 6 unused Assets to reduce memory usage. Loaded Objects now: 2071.
Total: 2.336900 ms (FindLiveObjects: 0.224700 ms CreateObjectMapping: 0.080000 ms MarkObjects: 1.990100 ms  DeleteObjects: 0.040400 ms)

========================================================================
Received Import Request.
  Time since last request: 1925.772537 seconds.
  path: Assets/Samples/Google Cardboard XR Plugin for Unity/1.4.1/Hello Cardboard/Scripts/VrModeController.cs
  artifactKey: Guid(f478d43f27e324b7199d5dccff4298b7) Importer(815301076,1909f56bfc062723c751e8b465ee728b)
Start importing Assets/Samples/Google Cardboard XR Plugin for Unity/1.4.1/Hello Cardboard/Scripts/VrModeController.cs using Guid(f478d43f27e324b7199d5dccff4298b7) Importer(815301076,1909f56bfc062723c751e8b465ee728b)  -> (artifact id: '47104384122c418986774c0c249c637e') in 0.016467 seconds
  Import took 0.020816 seconds .

========================================================================
Received Import Request.
  Time since last request: 1.499380 seconds.
  path: Assets/Samples/Google Cardboard XR Plugin for Unity/1.4.1/Hello Cardboard/Scripts/ObjectController.cs
  artifactKey: Guid(fb0fad8e3b2754aaeb18724ea18d2a3e) Importer(815301076,1909f56bfc062723c751e8b465ee728b)
Start importing Assets/Samples/Google Cardboard XR Plugin for Unity/1.4.1/Hello Cardboard/Scripts/ObjectController.cs using Guid(fb0fad8e3b2754aaeb18724ea18d2a3e) Importer(815301076,1909f56bfc062723c751e8b465ee728b)  -> (artifact id: '6f0ef18952d582a7e11ed66eaf2b6ce7') in 0.009354 seconds
  Import took 0.012554 seconds .

========================================================================
Received Import Request.
  Time since last request: 0.351230 seconds.
  path: Assets/Samples/Google Cardboard XR Plugin for Unity/1.4.1/Hello Cardboard/Scripts/CardboardStartup.cs
  artifactKey: Guid(dd68f027e715c44aa8d097000d4cccfb) Importer(815301076,1909f56bfc062723c751e8b465ee728b)
Start importing Assets/Samples/Google Cardboard XR Plugin for Unity/1.4.1/Hello Cardboard/Scripts/CardboardStartup.cs using Guid(dd68f027e715c44aa8d097000d4cccfb) Importer(815301076,1909f56bfc062723c751e8b465ee728b)  -> (artifact id: '299e1bec5674920e13b9904cffa4d6e0') in 0.012075 seconds
  Import took 0.016328 seconds .

========================================================================
Received Import Request.
  Time since last request: 0.538501 seconds.
  path: Assets/Samples/Google Cardboard XR Plugin for Unity/1.4.1/Hello Cardboard/Scripts/CameraPointer.cs
  artifactKey: Guid(aebfb4b86b2e54606894da54f755db2d) Importer(815301076,1909f56bfc062723c751e8b465ee728b)
Start importing Assets/Samples/Google Cardboard XR Plugin for Unity/1.4.1/Hello Cardboard/Scripts/CameraPointer.cs using Guid(aebfb4b86b2e54606894da54f755db2d) Importer(815301076,1909f56bfc062723c751e8b465ee728b)  -> (artifact id: 'c0d8ec5dadf6043f97cdd7d4e6e7a14b') in 0.009516 seconds
  Import took 0.014115 seconds .

========================================================================
Received Import Request.
  Time since last request: 295.893615 seconds.
  path: Assets/Samples/Google Cardboard XR Plugin for Unity/1.4.1/Hello Cardboard/Textures/Icosahedron_Blue_BakedDiffuse.png
  artifactKey: Guid(20df56dbf584b430da1c71ced37866f6) Importer(815301076,1909f56bfc062723c751e8b465ee728b)
Start importing Assets/Samples/Google Cardboard XR Plugin for Unity/1.4.1/Hello Cardboard/Textures/Icosahedron_Blue_BakedDiffuse.png using Guid(20df56dbf584b430da1c71ced37866f6) Importer(815301076,1909f56bfc062723c751e8b465ee728b)  -> (artifact id: '7628bb3ee77b88092c543c03c73f466e') in 0.428800 seconds
  Import took 0.433813 seconds .

========================================================================
Received Import Request.
  Time since last request: 0.000478 seconds.
  path: Assets/Samples/Google Cardboard XR Plugin for Unity/1.4.1/Hello Cardboard/Textures/QuadSphere_Pink_BakedDiffuse.png
  artifactKey: Guid(c50d4290154a549c28cd80199471f9ea) Importer(815301076,1909f56bfc062723c751e8b465ee728b)
Start importing Assets/Samples/Google Cardboard XR Plugin for Unity/1.4.1/Hello Cardboard/Textures/QuadSphere_Pink_BakedDiffuse.png using Guid(c50d4290154a549c28cd80199471f9ea) Importer(815301076,1909f56bfc062723c751e8b465ee728b)  -> (artifact id: '27b8767c0ef196e2c159ec9daa40352a') in 0.021437 seconds
  Import took 0.024734 seconds .

========================================================================
Received Import Request.
  Time since last request: 0.000421 seconds.
  path: Assets/Samples/Google Cardboard XR Plugin for Unity/1.4.1/Hello Cardboard/Textures/TriSphere_Blue_BakedDiffuse.png
  artifactKey: Guid(ce4a1a00714294255b95526bab0d31b7) Importer(815301076,1909f56bfc062723c751e8b465ee728b)
Start importing Assets/Samples/Google Cardboard XR Plugin for Unity/1.4.1/Hello Cardboard/Textures/TriSphere_Blue_BakedDiffuse.png using Guid(ce4a1a00714294255b95526bab0d31b7) Importer(815301076,1909f56bfc062723c751e8b465ee728b)  -> (artifact id: '4f50c25127458144497944366810e58a') in 0.021718 seconds
  Import took 0.025126 seconds .

========================================================================
Received Import Request.
  Time since last request: 0.000333 seconds.
  path: Assets/Samples/Google Cardboard XR Plugin for Unity/1.4.1/Hello Cardboard/Textures/QuadSphere_Blue_BakedDiffuse.png
  artifactKey: Guid(7070b26d96eaa49b49d850490d6af291) Importer(815301076,1909f56bfc062723c751e8b465ee728b)
Start importing Assets/Samples/Google Cardboard XR Plugin for Unity/1.4.1/Hello Cardboard/Textures/QuadSphere_Blue_BakedDiffuse.png using Guid(7070b26d96eaa49b49d850490d6af291) Importer(815301076,1909f56bfc062723c751e8b465ee728b)  -> (artifact id: 'a800eb50fc88e19e233803d65f2604ff') in 0.081836 seconds
  Import took 0.088489 seconds .

========================================================================
Received Import Request.
  Time since last request: 0.000421 seconds.
  path: Assets/Samples/Google Cardboard XR Plugin for Unity/1.4.1/Hello Cardboard/Textures/TriSphere_Pink_BakedDiffuse.png
  artifactKey: Guid(d8ab1240b87c44144a6a89c3123c7654) Importer(815301076,1909f56bfc062723c751e8b465ee728b)
Start importing Assets/Samples/Google Cardboard XR Plugin for Unity/1.4.1/Hello Cardboard/Textures/TriSphere_Pink_BakedDiffuse.png using Guid(d8ab1240b87c44144a6a89c3123c7654) Importer(815301076,1909f56bfc062723c751e8b465ee728b)  -> (artifact id: '06d21c882974f26b902d794ce024ad6b') in 0.038138 seconds
  Import took 0.041252 seconds .

========================================================================
Received Import Request.
  Time since last request: 0.000405 seconds.
  path: Assets/Samples/Google Cardboard XR Plugin for Unity/1.4.1/Hello Cardboard/Textures/Icosahedron_Pink_BakedDiffuse.png
  artifactKey: Guid(156c229a982b84470938f1e4aa02ab43) Importer(815301076,1909f56bfc062723c751e8b465ee728b)
Start importing Assets/Samples/Google Cardboard XR Plugin for Unity/1.4.1/Hello Cardboard/Textures/Icosahedron_Pink_BakedDiffuse.png using Guid(156c229a982b84470938f1e4aa02ab43) Importer(815301076,1909f56bfc062723c751e8b465ee728b)  -> (artifact id: '18aeb1f32366eba2c3034327fc4c4eac') in 0.037570 seconds
  Import took 0.040739 seconds .

========================================================================
Received Prepare
Registering precompiled user dll's ...
Registered in 0.014905 seconds.
Begin MonoManager ReloadAssembly
Native extension for WindowsStandalone target not found
Refreshing native plugins compatible for Editor in 0.62 ms, found 9 plugins.
Preloading 2 native plugins for Editor in 0.20 ms.
Invoked RoslynAnalysisRunner static constructor.
RoslynAnalysisRunner will not be running.
RoslynAnalysisRunner has terminated.
NullReferenceException: Object reference not set to an instance of an object
  at Unity.XR.Oculus.OculusLoader.AssetPathToAbsolutePath (System.String assetPath) [0x00048] in C:\Users\Cole\Documents\GitHub\Sensory-TrainerVR\Library\PackageCache\com.unity.xr.oculus@1.8.1\Runtime\OculusLoader.cs:243 
  at Unity.XR.Oculus.OculusLoader.EditorLoadOVRPlugin () [0x0007b] in C:\Users\Cole\Documents\GitHub\Sensory-TrainerVR\Library\PackageCache\com.unity.xr.oculus@1.8.1\Runtime\OculusLoader.cs:228 

(Filename: Library/PackageCache/com.unity.xr.oculus@1.8.1/Runtime/OculusLoader.cs Line: 243)

Mono: successfully reloaded assembly
- Completed reload, in  0.929 seconds
Platform modules already initialized, skipping
Refreshing native plugins compatible for Editor in 0.58 ms, found 9 plugins.
Preloading 2 native plugins for Editor in 0.15 ms.
Unloading 1548 Unused Serialized files (Serialized files now loaded: 0)
System memory in use before: 73.9 MB.
System memory in use after: 74.0 MB.

Unloading 6 unused Assets to reduce memory usage. Loaded Objects now: 2077.
Total: 2.010100 ms (FindLiveObjects: 0.194400 ms CreateObjectMapping: 0.060700 ms MarkObjects: 1.733100 ms  DeleteObjects: 0.020600 ms)

========================================================================
Received Prepare
Registering precompiled user dll's ...
Registered in 0.006486 seconds.
Begin MonoManager ReloadAssembly
Native extension for WindowsStandalone target not found
Refreshing native plugins compatible for Editor in 0.66 ms, found 9 plugins.
Preloading 2 native plugins for Editor in 0.20 ms.
Invoked RoslynAnalysisRunner static constructor.
RoslynAnalysisRunner will not be running.
RoslynAnalysisRunner has terminated.
NullReferenceException: Object reference not set to an instance of an object
  at Unity.XR.Oculus.OculusLoader.AssetPathToAbsolutePath (System.String assetPath) [0x00048] in C:\Users\Cole\Documents\GitHub\Sensory-TrainerVR\Library\PackageCache\com.unity.xr.oculus@1.8.1\Runtime\OculusLoader.cs:243 
  at Unity.XR.Oculus.OculusLoader.EditorLoadOVRPlugin () [0x0007b] in C:\Users\Cole\Documents\GitHub\Sensory-TrainerVR\Library\PackageCache\com.unity.xr.oculus@1.8.1\Runtime\OculusLoader.cs:228 

(Filename: Library/PackageCache/com.unity.xr.oculus@1.8.1/Runtime/OculusLoader.cs Line: 243)

Mono: successfully reloaded assembly
- Completed reload, in  1.008 seconds
Platform modules already initialized, skipping
Refreshing native plugins compatible for Editor in 0.81 ms, found 9 plugins.
Preloading 2 native plugins for Editor in 0.17 ms.
Unloading 1548 Unused Serialized files (Serialized files now loaded: 0)
System memory in use before: 73.9 MB.
System memory in use after: 74.0 MB.

Unloading 6 unused Assets to reduce memory usage. Loaded Objects now: 2081.
Total: 3.137600 ms (FindLiveObjects: 0.433400 ms CreateObjectMapping: 0.135800 ms MarkObjects: 2.542600 ms  DeleteObjects: 0.023000 ms)

========================================================================
Received Import Request.
  Time since last request: 436.186915 seconds.
  path: Assets/Samples/Google Cardboard XR Plugin for Unity/1.4.1/Hello Cardboard/Scripts
  artifactKey: Guid(100b6e7cd642840158178c0b6bfa29d1) Importer(815301076,1909f56bfc062723c751e8b465ee728b)
Start importing Assets/Samples/Google Cardboard XR Plugin for Unity/1.4.1/Hello Cardboard/Scripts using Guid(100b6e7cd642840158178c0b6bfa29d1) Importer(815301076,1909f56bfc062723c751e8b465ee728b)  -> (artifact id: 'e9b3c1b8d707ab5c7cc6e0ddf0808235') in 0.030683 seconds
  Import took 0.035187 seconds .

========================================================================
Received Prepare
Registering precompiled user dll's ...
Registered in 0.006451 seconds.
Begin MonoManager ReloadAssembly
Native extension for WindowsStandalone target not found
Refreshing native plugins compatible for Editor in 0.61 ms, found 9 plugins.
Preloading 2 native plugins for Editor in 0.19 ms.
Invoked RoslynAnalysisRunner static constructor.
RoslynAnalysisRunner will not be running.
RoslynAnalysisRunner has terminated.
NullReferenceException: Object reference not set to an instance of an object
  at Unity.XR.Oculus.OculusLoader.AssetPathToAbsolutePath (System.String assetPath) [0x00048] in C:\Users\Cole\Documents\GitHub\Sensory-TrainerVR\Library\PackageCache\com.unity.xr.oculus@1.8.1\Runtime\OculusLoader.cs:243 
  at Unity.XR.Oculus.OculusLoader.EditorLoadOVRPlugin () [0x0007b] in C:\Users\Cole\Documents\GitHub\Sensory-TrainerVR\Library\PackageCache\com.unity.xr.oculus@1.8.1\Runtime\OculusLoader.cs:228 

(Filename: Library/PackageCache/com.unity.xr.oculus@1.8.1/Runtime/OculusLoader.cs Line: 243)

Mono: successfully reloaded assembly
- Completed reload, in  1.134 seconds
Platform modules already initialized, skipping
Refreshing native plugins compatible for Editor in 0.68 ms, found 9 plugins.
Preloading 2 native plugins for Editor in 0.22 ms.
Unloading 1549 Unused Serialized files (Serialized files now loaded: 0)
System memory in use before: 73.9 MB.
System memory in use after: 74.0 MB.

Unloading 6 unused Assets to reduce memory usage. Loaded Objects now: 2086.
Total: 2.460800 ms (FindLiveObjects: 0.436800 ms CreateObjectMapping: 0.183500 ms MarkObjects: 1.821900 ms  DeleteObjects: 0.017200 ms)

========================================================================
Received Import Request.
  Time since last request: 18.089114 seconds.
  path: Assets/Samples/Google Cardboard XR Plugin for Unity/1.4.1/Hello Cardboard/Scripts/NewBehaviourScript.cs
  artifactKey: Guid(aa6338cdec7c36e49a78f2df96e29a57) Importer(815301076,1909f56bfc062723c751e8b465ee728b)
Start importing Assets/Samples/Google Cardboard XR Plugin for Unity/1.4.1/Hello Cardboard/Scripts/NewBehaviourScript.cs using Guid(aa6338cdec7c36e49a78f2df96e29a57) Importer(815301076,1909f56bfc062723c751e8b465ee728b)  -> (artifact id: '6237b7b903a0177f435b15f572177049') in 0.015621 seconds
  Import took 0.018571 seconds .

========================================================================
Received Import Request.
  Time since last request: 125.305307 seconds.
  path: Assets/Samples/Google Cardboard XR Plugin for Unity/1.4.1/Hello Cardboard/Scripts/NewBehaviourScript1.cs
  artifactKey: Guid(4bdb0eb02b4c6ff46aa7af3ba8329771) Importer(815301076,1909f56bfc062723c751e8b465ee728b)
Start importing Assets/Samples/Google Cardboard XR Plugin for Unity/1.4.1/Hello Cardboard/Scripts/NewBehaviourScript1.cs using Guid(4bdb0eb02b4c6ff46aa7af3ba8329771) Importer(815301076,1909f56bfc062723c751e8b465ee728b)  -> (artifact id: '064bf655892ac977cb5b78db14c31e0e') in 0.009303 seconds
  Import took 0.012827 seconds .

========================================================================
Received Prepare
Registering precompiled user dll's ...
Registered in 0.007533 seconds.
Begin MonoManager ReloadAssembly
Native extension for WindowsStandalone target not found
Refreshing native plugins compatible for Editor in 0.55 ms, found 9 plugins.
Preloading 2 native plugins for Editor in 0.27 ms.
Invoked RoslynAnalysisRunner static constructor.
RoslynAnalysisRunner will not be running.
RoslynAnalysisRunner has terminated.
NullReferenceException: Object reference not set to an instance of an object
  at Unity.XR.Oculus.OculusLoader.AssetPathToAbsolutePath (System.String assetPath) [0x00048] in C:\Users\Cole\Documents\GitHub\Sensory-TrainerVR\Library\PackageCache\com.unity.xr.oculus@1.8.1\Runtime\OculusLoader.cs:243 
  at Unity.XR.Oculus.OculusLoader.EditorLoadOVRPlugin () [0x0007b] in C:\Users\Cole\Documents\GitHub\Sensory-TrainerVR\Library\PackageCache\com.unity.xr.oculus@1.8.1\Runtime\OculusLoader.cs:228 

(Filename: Library/PackageCache/com.unity.xr.oculus@1.8.1/Runtime/OculusLoader.cs Line: 243)

Mono: successfully reloaded assembly
- Completed reload, in  0.955 seconds
Platform modules already initialized, skipping
Refreshing native plugins compatible for Editor in 0.61 ms, found 9 plugins.
Preloading 2 native plugins for Editor in 0.20 ms.
Unloading 1550 Unused Serialized files (Serialized files now loaded: 0)
System memory in use before: 73.9 MB.
System memory in use after: 74.1 MB.

Unloading 6 unused Assets to reduce memory usage. Loaded Objects now: 2091.
Total: 2.151600 ms (FindLiveObjects: 0.339700 ms CreateObjectMapping: 0.074700 ms MarkObjects: 1.716100 ms  DeleteObjects: 0.018600 ms)

========================================================================
Received Prepare
Registering precompiled user dll's ...
Registered in 0.009559 seconds.
Begin MonoManager ReloadAssembly
Native extension for WindowsStandalone target not found
Refreshing native plugins compatible for Editor in 0.59 ms, found 9 plugins.
Preloading 2 native plugins for Editor in 0.20 ms.
Invoked RoslynAnalysisRunner static constructor.
RoslynAnalysisRunner will not be running.
RoslynAnalysisRunner has terminated.
NullReferenceException: Object reference not set to an instance of an object
  at Unity.XR.Oculus.OculusLoader.AssetPathToAbsolutePath (System.String assetPath) [0x00048] in C:\Users\Cole\Documents\GitHub\Sensory-TrainerVR\Library\PackageCache\com.unity.xr.oculus@1.8.1\Runtime\OculusLoader.cs:243 
  at Unity.XR.Oculus.OculusLoader.EditorLoadOVRPlugin () [0x0007b] in C:\Users\Cole\Documents\GitHub\Sensory-TrainerVR\Library\PackageCache\com.unity.xr.oculus@1.8.1\Runtime\OculusLoader.cs:228 

(Filename: Library/PackageCache/com.unity.xr.oculus@1.8.1/Runtime/OculusLoader.cs Line: 243)

Mono: successfully reloaded assembly
- Completed reload, in  1.018 seconds
Platform modules already initialized, skipping
Refreshing native plugins compatible for Editor in 0.84 ms, found 9 plugins.
Preloading 2 native plugins for Editor in 0.18 ms.
Unloading 1549 Unused Serialized files (Serialized files now loaded: 0)
System memory in use before: 73.9 MB.
System memory in use after: 74.0 MB.

Unloading 7 unused Assets to reduce memory usage. Loaded Objects now: 2094.
Total: 2.312300 ms (FindLiveObjects: 0.215800 ms CreateObjectMapping: 0.080600 ms MarkObjects: 1.993400 ms  DeleteObjects: 0.020400 ms)

========================================================================
Received Import Request.
  Time since last request: 39.599977 seconds.
  path: Assets/Scenes/MainSceneMed.unity
  artifactKey: Guid(cce344c29c32ef249a73274bd1b96149) Importer(815301076,1909f56bfc062723c751e8b465ee728b)
Start importing Assets/Scenes/MainSceneMed.unity using Guid(cce344c29c32ef249a73274bd1b96149) Importer(815301076,1909f56bfc062723c751e8b465ee728b)  -> (artifact id: '76f439b49244970b57531810af7661bf') in 0.291437 seconds
  Import took 0.295042 seconds .

========================================================================
Received Import Request.
  Time since last request: 41.439767 seconds.
  path: Assets/Samples/Google Cardboard XR Plugin for Unity/1.4.1/Hello Cardboard/Scripts/NewBehaviourScript1.cs
  artifactKey: Guid(4bdb0eb02b4c6ff46aa7af3ba8329771) Importer(815301076,1909f56bfc062723c751e8b465ee728b)
Start importing Assets/Samples/Google Cardboard XR Plugin for Unity/1.4.1/Hello Cardboard/Scripts/NewBehaviourScript1.cs using Guid(4bdb0eb02b4c6ff46aa7af3ba8329771) Importer(815301076,1909f56bfc062723c751e8b465ee728b)  -> (artifact id: '4c9241701ea65a412b3665504a9edcec') in 0.004102 seconds
  Import took 0.008850 seconds .

========================================================================
Received Import Request.
  Time since last request: 0.031364 seconds.
  path: Assets/Samples/Google Cardboard XR Plugin for Unity/1.4.1/Hello Cardboard/Scripts/NewBehaviourScript1.cs
  artifactKey: Guid(4bdb0eb02b4c6ff46aa7af3ba8329771) Importer(815301076,1909f56bfc062723c751e8b465ee728b)
Start importing Assets/Samples/Google Cardboard XR Plugin for Unity/1.4.1/Hello Cardboard/Scripts/NewBehaviourScript1.cs using Guid(4bdb0eb02b4c6ff46aa7af3ba8329771) Importer(815301076,1909f56bfc062723c751e8b465ee728b)  -> (artifact id: '4c9241701ea65a412b3665504a9edcec') in 0.004113 seconds
  Import took 0.007294 seconds .

========================================================================
Received Import Request.
  Time since last request: 11.678743 seconds.
  path: Assets/Samples/Google Cardboard XR Plugin for Unity/1.4.1/Hello Cardboard/Scripts/ObjecController2.cs
  artifactKey: Guid(4bdb0eb02b4c6ff46aa7af3ba8329771) Importer(815301076,1909f56bfc062723c751e8b465ee728b)
Start importing Assets/Samples/Google Cardboard XR Plugin for Unity/1.4.1/Hello Cardboard/Scripts/ObjecController2.cs using Guid(4bdb0eb02b4c6ff46aa7af3ba8329771) Importer(815301076,1909f56bfc062723c751e8b465ee728b)  -> (artifact id: '952748c2e917e985cd54f2a49d9be74e') in 0.010089 seconds
  Import took 0.014063 seconds .

========================================================================
Received Import Request.
  Time since last request: 127.627994 seconds.
  path: Assets/Samples/Google Cardboard XR Plugin for Unity/1.4.1/Hello Cardboard/Scripts/ObjectController.cs
  artifactKey: Guid(fb0fad8e3b2754aaeb18724ea18d2a3e) Importer(815301076,1909f56bfc062723c751e8b465ee728b)
Start importing Assets/Samples/Google Cardboard XR Plugin for Unity/1.4.1/Hello Cardboard/Scripts/ObjectController.cs using Guid(fb0fad8e3b2754aaeb18724ea18d2a3e) Importer(815301076,1909f56bfc062723c751e8b465ee728b)  -> (artifact id: '14bd6dc9be20df2cd717a1fd1b8399a1') in 0.003879 seconds
  Import took 0.007283 seconds .

========================================================================
Received Prepare
Registering precompiled user dll's ...
Registered in 0.008838 seconds.
Begin MonoManager ReloadAssembly
Native extension for WindowsStandalone target not found
Refreshing native plugins compatible for Editor in 0.67 ms, found 9 plugins.
Preloading 2 native plugins for Editor in 0.18 ms.
Invoked RoslynAnalysisRunner static constructor.
RoslynAnalysisRunner will not be running.
RoslynAnalysisRunner has terminated.
NullReferenceException: Object reference not set to an instance of an object
  at Unity.XR.Oculus.OculusLoader.AssetPathToAbsolutePath (System.String assetPath) [0x00048] in C:\Users\Cole\Documents\GitHub\Sensory-TrainerVR\Library\PackageCache\com.unity.xr.oculus@1.8.1\Runtime\OculusLoader.cs:243 
  at Unity.XR.Oculus.OculusLoader.EditorLoadOVRPlugin () [0x0007b] in C:\Users\Cole\Documents\GitHub\Sensory-TrainerVR\Library\PackageCache\com.unity.xr.oculus@1.8.1\Runtime\OculusLoader.cs:228 

(Filename: Library/PackageCache/com.unity.xr.oculus@1.8.1/Runtime/OculusLoader.cs Line: 243)

Mono: successfully reloaded assembly
- Completed reload, in  1.063 seconds
Platform modules already initialized, skipping
Refreshing native plugins compatible for Editor in 0.60 ms, found 9 plugins.
Preloading 2 native plugins for Editor in 0.16 ms.
Unloading 1548 Unused Serialized files (Serialized files now loaded: 0)
System memory in use before: 73.9 MB.
System memory in use after: 74.0 MB.

Unloading 7 unused Assets to reduce memory usage. Loaded Objects now: 2097.
Total: 3.058600 ms (FindLiveObjects: 0.359400 ms CreateObjectMapping: 0.054000 ms MarkObjects: 2.601900 ms  DeleteObjects: 0.041300 ms)

========================================================================
Received Prepare
Registering precompiled user dll's ...
Registered in 0.008764 seconds.
Begin MonoManager ReloadAssembly
Native extension for WindowsStandalone target not found
Refreshing native plugins compatible for Editor in 0.53 ms, found 9 plugins.
Preloading 2 native plugins for Editor in 0.18 ms.
Invoked RoslynAnalysisRunner static constructor.
RoslynAnalysisRunner will not be running.
RoslynAnalysisRunner has terminated.
NullReferenceException: Object reference not set to an instance of an object
  at Unity.XR.Oculus.OculusLoader.AssetPathToAbsolutePath (System.String assetPath) [0x00048] in C:\Users\Cole\Documents\GitHub\Sensory-TrainerVR\Library\PackageCache\com.unity.xr.oculus@1.8.1\Runtime\OculusLoader.cs:243 
  at Unity.XR.Oculus.OculusLoader.EditorLoadOVRPlugin () [0x0007b] in C:\Users\Cole\Documents\GitHub\Sensory-TrainerVR\Library\PackageCache\com.unity.xr.oculus@1.8.1\Runtime\OculusLoader.cs:228 

(Filename: Library/PackageCache/com.unity.xr.oculus@1.8.1/Runtime/OculusLoader.cs Line: 243)

Mono: successfully reloaded assembly
- Completed reload, in  0.900 seconds
Platform modules already initialized, skipping
Refreshing native plugins compatible for Editor in 0.85 ms, found 9 plugins.
Preloading 2 native plugins for Editor in 0.17 ms.
Unloading 1549 Unused Serialized files (Serialized files now loaded: 0)
System memory in use before: 74.0 MB.
System memory in use after: 74.1 MB.

Unloading 6 unused Assets to reduce memory usage. Loaded Objects now: 2102.
Total: 2.706500 ms (FindLiveObjects: 0.554100 ms CreateObjectMapping: 0.166300 ms MarkObjects: 1.968100 ms  DeleteObjects: 0.016600 ms)

========================================================================
Received Import Request.
  Time since last request: 428.267894 seconds.
  path: Assets/Samples/Google Cardboard XR Plugin for Unity/1.4.1/Hello Cardboard/Scripts/NewBehaviourScript1.cs
  artifactKey: Guid(b2e09a7e18878614eb7742b1669312f1) Importer(815301076,1909f56bfc062723c751e8b465ee728b)
Start importing Assets/Samples/Google Cardboard XR Plugin for Unity/1.4.1/Hello Cardboard/Scripts/NewBehaviourScript1.cs using Guid(b2e09a7e18878614eb7742b1669312f1) Importer(815301076,1909f56bfc062723c751e8b465ee728b)  -> (artifact id: '327fab98923658bf54569e6dd80ec121') in 0.286931 seconds
  Import took 0.292338 seconds .

========================================================================
Received Prepare
Registering precompiled user dll's ...
Registered in 0.006717 seconds.
Begin MonoManager ReloadAssembly
Native extension for WindowsStandalone target not found
Refreshing native plugins compatible for Editor in 0.60 ms, found 9 plugins.
Preloading 2 native plugins for Editor in 0.19 ms.
Invoked RoslynAnalysisRunner static constructor.
RoslynAnalysisRunner will not be running.
RoslynAnalysisRunner has terminated.
NullReferenceException: Object reference not set to an instance of an object
  at Unity.XR.Oculus.OculusLoader.AssetPathToAbsolutePath (System.String assetPath) [0x00048] in C:\Users\Cole\Documents\GitHub\Sensory-TrainerVR\Library\PackageCache\com.unity.xr.oculus@1.8.1\Runtime\OculusLoader.cs:243 
  at Unity.XR.Oculus.OculusLoader.EditorLoadOVRPlugin () [0x0007b] in C:\Users\Cole\Documents\GitHub\Sensory-TrainerVR\Library\PackageCache\com.unity.xr.oculus@1.8.1\Runtime\OculusLoader.cs:228 

(Filename: Library/PackageCache/com.unity.xr.oculus@1.8.1/Runtime/OculusLoader.cs Line: 243)

Mono: successfully reloaded assembly
- Completed reload, in  1.140 seconds
Platform modules already initialized, skipping
Refreshing native plugins compatible for Editor in 1.19 ms, found 9 plugins.
Preloading 2 native plugins for Editor in 0.26 ms.
Unloading 1548 Unused Serialized files (Serialized files now loaded: 0)
System memory in use before: 73.9 MB.
System memory in use after: 74.1 MB.

Unloading 7 unused Assets to reduce memory usage. Loaded Objects now: 2105.
Total: 4.806200 ms (FindLiveObjects: 0.360100 ms CreateObjectMapping: 0.131200 ms MarkObjects: 4.274100 ms  DeleteObjects: 0.039100 ms)

========================================================================
Received Prepare
Registering precompiled user dll's ...
Registered in 0.011141 seconds.
Begin MonoManager ReloadAssembly
Native extension for WindowsStandalone target not found
Refreshing native plugins compatible for Editor in 0.58 ms, found 9 plugins.
Preloading 2 native plugins for Editor in 0.19 ms.
Invoked RoslynAnalysisRunner static constructor.
RoslynAnalysisRunner will not be running.
RoslynAnalysisRunner has terminated.
NullReferenceException: Object reference not set to an instance of an object
  at Unity.XR.Oculus.OculusLoader.AssetPathToAbsolutePath (System.String assetPath) [0x00048] in C:\Users\Cole\Documents\GitHub\Sensory-TrainerVR\Library\PackageCache\com.unity.xr.oculus@1.8.1\Runtime\OculusLoader.cs:243 
  at Unity.XR.Oculus.OculusLoader.EditorLoadOVRPlugin () [0x0007b] in C:\Users\Cole\Documents\GitHub\Sensory-TrainerVR\Library\PackageCache\com.unity.xr.oculus@1.8.1\Runtime\OculusLoader.cs:228 

(Filename: Library/PackageCache/com.unity.xr.oculus@1.8.1/Runtime/OculusLoader.cs Line: 243)

Mono: successfully reloaded assembly
- Completed reload, in  1.005 seconds
Platform modules already initialized, skipping
Refreshing native plugins compatible for Editor in 0.60 ms, found 9 plugins.
Preloading 2 native plugins for Editor in 0.17 ms.
Unloading 1549 Unused Serialized files (Serialized files now loaded: 0)
System memory in use before: 74.0 MB.
System memory in use after: 74.1 MB.

Unloading 6 unused Assets to reduce memory usage. Loaded Objects now: 2110.
Total: 2.267100 ms (FindLiveObjects: 0.209000 ms CreateObjectMapping: 0.071900 ms MarkObjects: 1.929400 ms  DeleteObjects: 0.055200 ms)

========================================================================
Received Prepare
Registering precompiled user dll's ...
Registered in 0.007903 seconds.
Begin MonoManager ReloadAssembly
Native extension for WindowsStandalone target not found
Refreshing native plugins compatible for Editor in 0.60 ms, found 9 plugins.
Preloading 2 native plugins for Editor in 0.18 ms.
Invoked RoslynAnalysisRunner static constructor.
RoslynAnalysisRunner will not be running.
RoslynAnalysisRunner has terminated.
NullReferenceException: Object reference not set to an instance of an object
  at Unity.XR.Oculus.OculusLoader.AssetPathToAbsolutePath (System.String assetPath) [0x00048] in C:\Users\Cole\Documents\GitHub\Sensory-TrainerVR\Library\PackageCache\com.unity.xr.oculus@1.8.1\Runtime\OculusLoader.cs:243 
  at Unity.XR.Oculus.OculusLoader.EditorLoadOVRPlugin () [0x0007b] in C:\Users\Cole\Documents\GitHub\Sensory-TrainerVR\Library\PackageCache\com.unity.xr.oculus@1.8.1\Runtime\OculusLoader.cs:228 

(Filename: Library/PackageCache/com.unity.xr.oculus@1.8.1/Runtime/OculusLoader.cs Line: 243)

Mono: successfully reloaded assembly
- Completed reload, in  0.941 seconds
Platform modules already initialized, skipping
Refreshing native plugins compatible for Editor in 0.69 ms, found 9 plugins.
Preloading 2 native plugins for Editor in 0.16 ms.
Unloading 1550 Unused Serialized files (Serialized files now loaded: 0)
System memory in use before: 74.0 MB.
System memory in use after: 74.1 MB.

Unloading 6 unused Assets to reduce memory usage. Loaded Objects now: 2115.
Total: 2.382000 ms (FindLiveObjects: 0.430000 ms CreateObjectMapping: 0.187300 ms MarkObjects: 1.746300 ms  DeleteObjects: 0.016700 ms)

========================================================================
Received Prepare
Registering precompiled user dll's ...
Registered in 0.006814 seconds.
Begin MonoManager ReloadAssembly
Native extension for WindowsStandalone target not found
Refreshing native plugins compatible for Editor in 0.56 ms, found 9 plugins.
Preloading 2 native plugins for Editor in 0.18 ms.
Invoked RoslynAnalysisRunner static constructor.
RoslynAnalysisRunner will not be running.
RoslynAnalysisRunner has terminated.
NullReferenceException: Object reference not set to an instance of an object
  at Unity.XR.Oculus.OculusLoader.AssetPathToAbsolutePath (System.String assetPath) [0x00048] in C:\Users\Cole\Documents\GitHub\Sensory-TrainerVR\Library\PackageCache\com.unity.xr.oculus@1.8.1\Runtime\OculusLoader.cs:243 
  at Unity.XR.Oculus.OculusLoader.EditorLoadOVRPlugin () [0x0007b] in C:\Users\Cole\Documents\GitHub\Sensory-TrainerVR\Library\PackageCache\com.unity.xr.oculus@1.8.1\Runtime\OculusLoader.cs:228 

(Filename: Library/PackageCache/com.unity.xr.oculus@1.8.1/Runtime/OculusLoader.cs Line: 243)

Mono: successfully reloaded assembly
- Completed reload, in  1.091 seconds
Platform modules already initialized, skipping
Refreshing native plugins compatible for Editor in 0.60 ms, found 9 plugins.
Preloading 2 native plugins for Editor in 0.22 ms.
Unloading 1550 Unused Serialized files (Serialized files now loaded: 0)
System memory in use before: 74.0 MB.
System memory in use after: 74.1 MB.

Unloading 6 unused Assets to reduce memory usage. Loaded Objects now: 2119.
Total: 2.606700 ms (FindLiveObjects: 0.332100 ms CreateObjectMapping: 0.094200 ms MarkObjects: 2.138800 ms  DeleteObjects: 0.040100 ms)

========================================================================
Received Prepare
Registering precompiled user dll's ...
Registered in 0.010025 seconds.
Begin MonoManager ReloadAssembly
Native extension for WindowsStandalone target not found
Refreshing native plugins compatible for Editor in 0.67 ms, found 9 plugins.
Preloading 2 native plugins for Editor in 0.18 ms.
Invoked RoslynAnalysisRunner static constructor.
RoslynAnalysisRunner will not be running.
RoslynAnalysisRunner has terminated.
NullReferenceException: Object reference not set to an instance of an object
  at Unity.XR.Oculus.OculusLoader.AssetPathToAbsolutePath (System.String assetPath) [0x00048] in C:\Users\Cole\Documents\GitHub\Sensory-TrainerVR\Library\PackageCache\com.unity.xr.oculus@1.8.1\Runtime\OculusLoader.cs:243 
  at Unity.XR.Oculus.OculusLoader.EditorLoadOVRPlugin () [0x0007b] in C:\Users\Cole\Documents\GitHub\Sensory-TrainerVR\Library\PackageCache\com.unity.xr.oculus@1.8.1\Runtime\OculusLoader.cs:228 

(Filename: Library/PackageCache/com.unity.xr.oculus@1.8.1/Runtime/OculusLoader.cs Line: 243)

Mono: successfully reloaded assembly
- Completed reload, in  0.901 seconds
Platform modules already initialized, skipping
Refreshing native plugins compatible for Editor in 0.57 ms, found 9 plugins.
Preloading 2 native plugins for Editor in 0.15 ms.
Unloading 1550 Unused Serialized files (Serialized files now loaded: 0)
System memory in use before: 74.0 MB.
System memory in use after: 74.1 MB.

Unloading 6 unused Assets to reduce memory usage. Loaded Objects now: 2123.
Total: 2.251000 ms (FindLiveObjects: 0.224700 ms CreateObjectMapping: 0.075800 ms MarkObjects: 1.931800 ms  DeleteObjects: 0.017200 ms)

========================================================================
Received Prepare
Registering precompiled user dll's ...
Registered in 0.006391 seconds.
Begin MonoManager ReloadAssembly
Native extension for WindowsStandalone target not found
Refreshing native plugins compatible for Editor in 0.57 ms, found 9 plugins.
Preloading 2 native plugins for Editor in 0.19 ms.
Invoked RoslynAnalysisRunner static constructor.
RoslynAnalysisRunner will not be running.
RoslynAnalysisRunner has terminated.
NullReferenceException: Object reference not set to an instance of an object
  at Unity.XR.Oculus.OculusLoader.AssetPathToAbsolutePath (System.String assetPath) [0x00048] in C:\Users\Cole\Documents\GitHub\Sensory-TrainerVR\Library\PackageCache\com.unity.xr.oculus@1.8.1\Runtime\OculusLoader.cs:243 
  at Unity.XR.Oculus.OculusLoader.EditorLoadOVRPlugin () [0x0007b] in C:\Users\Cole\Documents\GitHub\Sensory-TrainerVR\Library\PackageCache\com.unity.xr.oculus@1.8.1\Runtime\OculusLoader.cs:228 

(Filename: Library/PackageCache/com.unity.xr.oculus@1.8.1/Runtime/OculusLoader.cs Line: 243)

Mono: successfully reloaded assembly
- Completed reload, in  1.003 seconds
Platform modules already initialized, skipping
Refreshing native plugins compatible for Editor in 0.59 ms, found 9 plugins.
Preloading 2 native plugins for Editor in 0.20 ms.
Unloading 1550 Unused Serialized files (Serialized files now loaded: 0)
System memory in use before: 74.0 MB.
System memory in use after: 74.1 MB.

Unloading 6 unused Assets to reduce memory usage. Loaded Objects now: 2127.
Total: 3.362000 ms (FindLiveObjects: 0.456800 ms CreateObjectMapping: 0.071800 ms MarkObjects: 2.801100 ms  DeleteObjects: 0.030100 ms)

